<?xml version="1.0" encoding="UTF-8"?>
<!-- Generated by org.testng.reporters.JUnitReportReporter -->
<testsuite hostname="YPR-Sudharshan" failures="0" tests="3" name="testingWithTestNG.BeforeAfterSuitExample" time="4.465" errors="0" timestamp="2022-11-04T01:16:12 IST" skipped="0">
  <testcase classname="testingWithTestNG.BeforeAfterSuitExample" name="openYahoo" time="0.860"/>
  <system-out/>
  <testcase classname="testingWithTestNG.BeforeAfterSuitExample" name="openBing" time="1.552"/>
  <system-out/>
  <testcase classname="testingWithTestNG.BeforeAfterSuitExample" name="openGoogle" time="2.053"/>
  <system-out/>
</testsuite> <!-- testingWithTestNG.BeforeAfterSuitExample -->
