<?xml version="1.0" encoding="UTF-8"?>
<!-- Generated by org.testng.reporters.JUnitReportReporter -->
<testsuite hostname="YPR-Sudharshan" failures="0" tests="3" name="testingWithTestNG.DependsOnMenthodsExample" time="0.016" errors="0" timestamp="2022-11-03T23:59:58 IST" skipped="0">
  <testcase classname="testingWithTestNG.DependsOnMenthodsExample" name="loginwithcredentials" time="0.004"/>
  <system-out/>
  <testcase classname="testingWithTestNG.DependsOnMenthodsExample" name="openfacebook" time="0.002"/>
  <system-out/>
  <testcase classname="testingWithTestNG.DependsOnMenthodsExample" name="opengooglebrowser" time="0.010"/>
  <system-out/>
</testsuite> <!-- testingWithTestNG.DependsOnMenthodsExample -->
